<?xml version="1.0" encoding="UTF-8"?>
<!-- Generated by org.testng.reporters.JUnitReportReporter -->
<testsuite name="com.actitime.test.Demo" tests="4" time="0.069" ignored="4" failures="0" timestamp="15 Oct 2020 03:18:02 GMT" skipped="0" hostname="DESKTOP-EM8SP10" errors="0">
  <testcase name="registerCustomer" time="0.005" classname="com.actitime.test.Demo"/>
  <testcase name="editCustomer" time="0.004" classname="com.actitime.test.Demo"/>
  <testcase name="deleteCustomer" time="0.054" classname="com.actitime.test.Demo"/>
  <testcase name="editCustomer" time="0.006" classname="com.actitime.test.Demo"/>
  <testcase name="closeBrowser" classname="com.actitime.generics.BaseClass">
    <skipped/>
  </testcase> <!-- closeBrowser -->
  <testcase name="closeBrowser" classname="com.actitime.generics.BaseClass">
    <skipped/>
  </testcase> <!-- closeBrowser -->
  <testcase name="openBrowser" classname="com.actitime.generics.BaseClass">
    <skipped/>
  </testcase> <!-- openBrowser -->
  <testcase name="openBrowser" classname="com.actitime.generics.BaseClass">
    <skipped/>
  </testcase> <!-- openBrowser -->
</testsuite> <!-- com.actitime.test.Demo -->
