<?xml version="1.0" encoding="UTF-8"?>
<!-- Generated by org.testng.reporters.JUnitReportReporter -->
<testsuite name="com.actitime.test.ProjectModule" tests="2" time="0.043" ignored="0" failures="0" timestamp="19 Oct 2020 04:26:01 GMT" skipped="0" hostname="DESKTOP-EM8SP10" errors="0">
  <testcase name="deleteproject" time="0.037" classname="com.actitime.test.ProjectModule"/>
  <testcase name="createprojectr" time="0.006" classname="com.actitime.test.ProjectModule"/>
</testsuite> <!-- com.actitime.test.ProjectModule -->
