<?xml version="1.0" encoding="UTF-8"?>
<!-- Generated by org.testng.reporters.JUnitReportReporter -->
<testsuite name="com.actitime.test.CreateCustomer" tests="2" time="0.023" ignored="4" failures="0" timestamp="15 Oct 2020 03:18:02 GMT" skipped="0" hostname="DESKTOP-EM8SP10" errors="0">
  <testcase name="testCreateCustomerwithDescription" time="0.017" classname="com.actitime.test.CreateCustomer"/>
  <testcase name="testCreateCustomerwithProjectname" time="0.006" classname="com.actitime.test.CreateCustomer"/>
  <testcase name="closeBrowser" classname="com.actitime.generics.BaseClass">
    <skipped/>
  </testcase> <!-- closeBrowser -->
  <testcase name="closeBrowser" classname="com.actitime.generics.BaseClass">
    <skipped/>
  </testcase> <!-- closeBrowser -->
  <testcase name="openBrowser" classname="com.actitime.generics.BaseClass">
    <skipped/>
  </testcase> <!-- openBrowser -->
  <testcase name="openBrowser" classname="com.actitime.generics.BaseClass">
    <skipped/>
  </testcase> <!-- openBrowser -->
</testsuite> <!-- com.actitime.test.CreateCustomer -->
