<?xml version="1.0" encoding="UTF-8"?>
<!-- Generated by org.testng.reporters.JUnitReportReporter -->
<testsuite name="com.actitime.test.ScreenShot" tests="1" time="40.819" ignored="0" failures="0" timestamp="20 Oct 2020 03:09:09 GMT" skipped="0" hostname="DESKTOP-EM8SP10" errors="0">
  <testcase name="testScreenShot" time="40.819" classname="com.actitime.test.ScreenShot"/>
</testsuite> <!-- com.actitime.test.ScreenShot -->
