<?xml version="1.0" encoding="UTF-8"?>
<!-- Generated by org.testng.reporters.JUnitReportReporter -->
<testsuite name="com.actitime.test.TaskModule" tests="1" time="0.033" ignored="0" failures="0" timestamp="19 Oct 2020 04:26:01 GMT" skipped="0" hostname="DESKTOP-EM8SP10" errors="0">
  <testcase name="testModifyTask" time="0.033" classname="com.actitime.test.TaskModule"/>
</testsuite> <!-- com.actitime.test.TaskModule -->
